Determining if the pthread_create exist failed with the following output:
Change Dir: /home/avees/catkin_ws/src/scale_truck_control/etc/Controller/crc/build/CMakeFiles/CMakeTmp

Run Build Command:"/usr/bin/make" "cmTC_4f675/fast"
/usr/bin/make -f CMakeFiles/cmTC_4f675.dir/build.make CMakeFiles/cmTC_4f675.dir/build
make[1]: Entering directory '/home/avees/catkin_ws/src/scale_truck_control/etc/Controller/crc/build/CMakeFiles/CMakeTmp'
Building C object CMakeFiles/cmTC_4f675.dir/CheckSymbolExists.c.o
/usr/bin/cc   -fPIC    -o CMakeFiles/cmTC_4f675.dir/CheckSymbolExists.c.o   -c /home/avees/catkin_ws/src/scale_truck_control/etc/Controller/crc/build/CMakeFiles/CMakeTmp/CheckSymbolExists.c
Linking C executable cmTC_4f675
/usr/bin/cmake -E cmake_link_script CMakeFiles/cmTC_4f675.dir/link.txt --verbose=1
/usr/bin/cc -fPIC     -rdynamic CMakeFiles/cmTC_4f675.dir/CheckSymbolExists.c.o  -o cmTC_4f675 
CMakeFiles/cmTC_4f675.dir/CheckSymbolExists.c.o: In function `main':
CheckSymbolExists.c:(.text+0x14): undefined reference to `pthread_create'
CheckSymbolExists.c:(.text+0x18): undefined reference to `pthread_create'
collect2: error: ld returned 1 exit status
CMakeFiles/cmTC_4f675.dir/build.make:97: recipe for target 'cmTC_4f675' failed
make[1]: *** [cmTC_4f675] Error 1
make[1]: Leaving directory '/home/avees/catkin_ws/src/scale_truck_control/etc/Controller/crc/build/CMakeFiles/CMakeTmp'
Makefile:126: recipe for target 'cmTC_4f675/fast' failed
make: *** [cmTC_4f675/fast] Error 2

File /home/avees/catkin_ws/src/scale_truck_control/etc/Controller/crc/build/CMakeFiles/CMakeTmp/CheckSymbolExists.c:
/* */
#include <pthread.h>

int main(int argc, char** argv)
{
  (void)argv;
#ifndef pthread_create
  return ((int*)(&pthread_create))[argc];
#else
  (void)argc;
  return 0;
#endif
}

Determining if the function pthread_create exists in the pthreads failed with the following output:
Change Dir: /home/avees/catkin_ws/src/scale_truck_control/etc/Controller/crc/build/CMakeFiles/CMakeTmp

Run Build Command:"/usr/bin/make" "cmTC_7ef67/fast"
/usr/bin/make -f CMakeFiles/cmTC_7ef67.dir/build.make CMakeFiles/cmTC_7ef67.dir/build
make[1]: Entering directory '/home/avees/catkin_ws/src/scale_truck_control/etc/Controller/crc/build/CMakeFiles/CMakeTmp'
Building C object CMakeFiles/cmTC_7ef67.dir/CheckFunctionExists.c.o
/usr/bin/cc   -fPIC -DCHECK_FUNCTION_EXISTS=pthread_create   -o CMakeFiles/cmTC_7ef67.dir/CheckFunctionExists.c.o   -c /usr/share/cmake-3.10/Modules/CheckFunctionExists.c
Linking C executable cmTC_7ef67
/usr/bin/cmake -E cmake_link_script CMakeFiles/cmTC_7ef67.dir/link.txt --verbose=1
/usr/bin/cc -fPIC -DCHECK_FUNCTION_EXISTS=pthread_create    -rdynamic CMakeFiles/cmTC_7ef67.dir/CheckFunctionExists.c.o  -o cmTC_7ef67 -lpthreads 
/usr/bin/ld: cannot find -lpthreads
collect2: error: ld returned 1 exit status
CMakeFiles/cmTC_7ef67.dir/build.make:97: recipe for target 'cmTC_7ef67' failed
make[1]: *** [cmTC_7ef67] Error 1
make[1]: Leaving directory '/home/avees/catkin_ws/src/scale_truck_control/etc/Controller/crc/build/CMakeFiles/CMakeTmp'
Makefile:126: recipe for target 'cmTC_7ef67/fast' failed
make: *** [cmTC_7ef67/fast] Error 2


